Traceback (most recent call last):
  File "/home/ubuntu/myapp/cron/fetch_weather.py", line 5, in <module>
    import mysql.connector
ModuleNotFoundError: No module named 'mysql'
Traceback (most recent call last):
  File "/home/ubuntu/myapp/cron/fetch_weather.py", line 5, in <module>
    import mysql.connector
ModuleNotFoundError: No module named 'mysql'
Traceback (most recent call last):
  File "/home/ubuntu/myapp/cron/fetch_weather.py", line 5, in <module>
    import mysql.connector
ModuleNotFoundError: No module named 'mysql'
Traceback (most recent call last):
  File "/home/ubuntu/myapp/cron/fetch_weather.py", line 5, in <module>
    import mysql.connector
ModuleNotFoundError: No module named 'mysql'
Traceback (most recent call last):
  File "/home/ubuntu/myapp/cron/fetch_weather.py", line 5, in <module>
    import mysql.connector
ModuleNotFoundError: No module named 'mysql'
Luodaan virtuaaliympäristö...
requirements.txt ei löytynyt!
fetch_weather.py ei löytynyt!
Valmis!
Asennetaan riippuvuudet...
Requirement already satisfied: pip in ./venv/lib/python3.12/site-packages (25.3)
Requirement already satisfied: requests in ./venv/lib/python3.12/site-packages (from -r requirements.txt (line 1)) (2.32.5)
Requirement already satisfied: mysql-connector-python in ./venv/lib/python3.12/site-packages (from -r requirements.txt (line 2)) (9.5.0)
Requirement already satisfied: python-dotenv in ./venv/lib/python3.12/site-packages (from -r requirements.txt (line 3)) (1.2.1)
Requirement already satisfied: charset_normalizer<4,>=2 in ./venv/lib/python3.12/site-packages (from requests->-r requirements.txt (line 1)) (3.4.4)
Requirement already satisfied: idna<4,>=2.5 in ./venv/lib/python3.12/site-packages (from requests->-r requirements.txt (line 1)) (3.11)
Requirement already satisfied: urllib3<3,>=1.21.1 in ./venv/lib/python3.12/site-packages (from requests->-r requirements.txt (line 1)) (2.5.0)
Requirement already satisfied: certifi>=2017.4.17 in ./venv/lib/python3.12/site-packages (from requests->-r requirements.txt (line 1)) (2025.11.12)
Suoritetaan fetch_weather.py...
Data tallennettu: Herukka -5.53°C snow
Valmis!
requirements.txt ei löytynyt!
fetch_weather.py ei löytynyt!
Valmis!
requirements.txt ei löytynyt!
fetch_weather.py ei löytynyt!
Valmis!
requirements.txt ei löytynyt!
fetch_weather.py ei löytynyt!
Valmis!
requirements.txt ei löytynyt!
fetch_weather.py ei löytynyt!
Valmis!
requirements.txt ei löytynyt!
fetch_weather.py ei löytynyt!
Valmis!
requirements.txt ei löytynyt!
fetch_weather.py ei löytynyt!
Valmis!
requirements.txt ei löytynyt!
fetch_weather.py ei löytynyt!
Valmis!
requirements.txt ei löytynyt!
fetch_weather.py ei löytynyt!
Valmis!
Data tallennettu: Herukka -5.53°C snow
Data tallennettu: Herukka -5.53°C snow
Data tallennettu: Herukka -5.53°C snow
Data tallennettu: Herukka -5.53°C snow
Data tallennettu: Herukka -5.53°C snow
Data tallennettu: Herukka -5.53°C snow
Data tallennettu: Herukka -5.53°C snow
Data tallennettu: Herukka -5.53°C snow
Data tallennettu: Herukka -5.53°C snow
Data tallennettu: Herukka -5.53°C snow
Data tallennettu: Herukka -5.53°C snow
Data tallennettu: Herukka -5.53°C snow
Data tallennettu: Herukka -5.53°C snow
Data tallennettu: Herukka -5.53°C snow
Data tallennettu: Herukka -5.53°C snow
Data tallennettu: Herukka -5.53°C snow
Data tallennettu: Herukka -5.53°C snow
Data tallennettu: Herukka -5.53°C snow
Data tallennettu: Herukka -5.53°C snow
Data tallennettu: Herukka -5.53°C snow
Data tallennettu: Herukka -5.53°C snow
Data tallennettu: Herukka -5.53°C snow
Data tallennettu: Herukka -5.53°C light snow
Data tallennettu: Herukka -5.53°C light snow
Data tallennettu: Herukka -5.53°C light snow
Data tallennettu: Herukka -5.53°C light snow
Data tallennettu: Herukka -5.53°C light snow
Data tallennettu: Herukka -5.53°C light snow
Data tallennettu: Herukka -5.53°C light snow
Data tallennettu: Herukka -5.53°C light snow
Data tallennettu: Herukka -5.53°C light snow
Data tallennettu: Herukka -5.53°C snow
Data tallennettu: Herukka -5.53°C snow
Data tallennettu: Herukka -5.53°C snow
Data tallennettu: Herukka -5.53°C snow
Data tallennettu: Herukka -5.53°C snow
Data tallennettu: Herukka -5.53°C snow
Data tallennettu: Herukka -5.53°C snow
Data tallennettu: Herukka -5.53°C snow
Data tallennettu: Herukka -5.53°C snow
Data tallennettu: Herukka -5.53°C snow
Data tallennettu: Herukka -5.53°C snow
Data tallennettu: Herukka -4.97°C light snow
Data tallennettu: Herukka -4.97°C light snow
Data tallennettu: Herukka -4.97°C light snow
Data tallennettu: Herukka -4.97°C light snow
Data tallennettu: Herukka -4.97°C light snow
Data tallennettu: Herukka -4.97°C light snow
Data tallennettu: Herukka -4.97°C light snow
Data tallennettu: Herukka -5.53°C light snow
Data tallennettu: Herukka -5.53°C overcast clouds
Data tallennettu: Herukka -5.53°C overcast clouds
Data tallennettu: Herukka -4.97°C overcast clouds
Data tallennettu: Herukka -4.97°C overcast clouds
Data tallennettu: Herukka -4.97°C overcast clouds
Data tallennettu: Herukka -4.97°C overcast clouds
Data tallennettu: Herukka -4.97°C overcast clouds
Data tallennettu: Herukka -4.97°C overcast clouds
Data tallennettu: Herukka -4.97°C overcast clouds
Data tallennettu: Herukka -4.97°C overcast clouds
Data tallennettu: Herukka -4.97°C overcast clouds
Data tallennettu: Herukka -4.97°C overcast clouds
Data tallennettu: Herukka -4.97°C overcast clouds
Data tallennettu: Herukka -4.97°C overcast clouds
Data tallennettu: Herukka -4.97°C overcast clouds
Data tallennettu: Herukka -4.97°C overcast clouds
Data tallennettu: Herukka -4.97°C overcast clouds
Data tallennettu: Herukka -4.97°C overcast clouds
Data tallennettu: Herukka -4.97°C overcast clouds
Data tallennettu: Herukka -4.97°C overcast clouds
Data tallennettu: Herukka -4.97°C overcast clouds
Data tallennettu: Herukka -5.53°C overcast clouds
Data tallennettu: Herukka -5.53°C overcast clouds
Data tallennettu: Herukka -5.53°C overcast clouds
Data tallennettu: Herukka -5.53°C overcast clouds
Data tallennettu: Herukka -5.53°C overcast clouds
Data tallennettu: Herukka -6.08°C overcast clouds
Data tallennettu: Herukka -6.08°C overcast clouds
Data tallennettu: Herukka -6.96°C broken clouds
Data tallennettu: Herukka -6.96°C broken clouds
Data tallennettu: Herukka -6.96°C broken clouds
Data tallennettu: Herukka -7.96°C broken clouds
Data tallennettu: Herukka -7.96°C broken clouds
Data tallennettu: Herukka -6.96°C broken clouds
Data tallennettu: Herukka -6.96°C broken clouds
Data tallennettu: Herukka -6.96°C broken clouds
Data tallennettu: Herukka -6.96°C overcast clouds
Data tallennettu: Herukka -6.96°C overcast clouds
Data tallennettu: Herukka -6.96°C overcast clouds
Data tallennettu: Herukka -6.96°C overcast clouds
Data tallennettu: Herukka -6.96°C overcast clouds
Data tallennettu: Herukka -6.96°C overcast clouds
Data tallennettu: Herukka -6.96°C overcast clouds
Data tallennettu: Herukka -6.96°C overcast clouds
Data tallennettu: Herukka -6.96°C overcast clouds
Data tallennettu: Herukka -6.96°C broken clouds
Data tallennettu: Herukka -6.96°C broken clouds
Data tallennettu: Herukka -6.96°C broken clouds
Data tallennettu: Herukka -6.96°C broken clouds
Data tallennettu: Herukka -7.96°C broken clouds
Data tallennettu: Herukka -7.96°C broken clouds
Data tallennettu: Herukka -7.96°C broken clouds
Data tallennettu: Herukka -6.96°C broken clouds
Data tallennettu: Herukka -6.96°C broken clouds
Data tallennettu: Herukka -6.96°C broken clouds
Data tallennettu: Herukka -6.96°C broken clouds
Data tallennettu: Herukka -6.96°C broken clouds
Data tallennettu: Herukka -6.96°C broken clouds
Data tallennettu: Herukka -7.96°C few clouds
Data tallennettu: Herukka -7.96°C few clouds
Data tallennettu: Herukka -7.96°C few clouds
Data tallennettu: Herukka -7.96°C few clouds
Data tallennettu: Herukka -7.96°C few clouds
Data tallennettu: Herukka -7.96°C few clouds
Data tallennettu: Herukka -7.96°C few clouds
Data tallennettu: Herukka -7.96°C few clouds
Data tallennettu: Herukka -7.96°C few clouds
